<?xml version="1.0" encoding="UTF-8"?>
<testng-results ignored="0" total="1" passed="1" failed="0" skipped="0">
  <reporter-output>
  </reporter-output>
  <suite started-at="2021-11-05T06:56:33 ICT" name="Default suite" finished-at="2021-11-05T06:56:47 ICT" duration-ms="14348">
    <groups>
    </groups>
    <test started-at="2021-11-05T06:56:33 ICT" name="Default test" finished-at="2021-11-05T06:56:47 ICT" duration-ms="14348">
      <class name="com.subrutin.selenium.nostra.HomePageTest">
        <test-method is-config="true" signature="springTestContextBeforeTestClass()[pri:0, instance:com.subrutin.selenium.nostra.HomePageTest@5a7005d]" started-at="2021-11-05T06:56:33 ICT" name="springTestContextBeforeTestClass" finished-at="2021-11-05T06:56:33 ICT" duration-ms="12" status="PASS">
          <reporter-output>
          </reporter-output>
        </test-method> <!-- springTestContextBeforeTestClass -->
        <test-method is-config="true" signature="springTestContextPrepareTestInstance()[pri:0, instance:com.subrutin.selenium.nostra.HomePageTest@5a7005d]" started-at="2021-11-05T06:56:33 ICT" name="springTestContextPrepareTestInstance" finished-at="2021-11-05T06:56:45 ICT" depends-on-methods="org.springframework.test.context.testng.AbstractTestNGSpringContextTests.springTestContextBeforeTestClass" duration-ms="12042" status="PASS">
          <reporter-output>
          </reporter-output>
        </test-method> <!-- springTestContextPrepareTestInstance -->
        <test-method is-config="true" signature="springTestContextBeforeTestMethod(java.lang.reflect.Method)[pri:0, instance:com.subrutin.selenium.nostra.HomePageTest@5a7005d]" started-at="2021-11-05T06:56:45 ICT" name="springTestContextBeforeTestMethod" finished-at="2021-11-05T06:56:45 ICT" duration-ms="3" status="PASS">
          <params>
            <param index="0">
              <value>
                <![CDATA[public void com.subrutin.selenium.nostra.HomePageTest.clickTest()]]>
              </value>
            </param>
          </params>
          <reporter-output>
          </reporter-output>
        </test-method> <!-- springTestContextBeforeTestMethod -->
        <test-method signature="clickTest()[pri:0, instance:com.subrutin.selenium.nostra.HomePageTest@5a7005d]" started-at="2021-11-05T06:56:45 ICT" name="clickTest" finished-at="2021-11-05T06:56:47 ICT" duration-ms="2230" status="PASS">
          <reporter-output>
          </reporter-output>
        </test-method> <!-- clickTest -->
        <test-method is-config="true" signature="springTestContextAfterTestMethod(java.lang.reflect.Method)[pri:0, instance:com.subrutin.selenium.nostra.HomePageTest@5a7005d]" started-at="2021-11-05T06:56:47 ICT" name="springTestContextAfterTestMethod" finished-at="2021-11-05T06:56:47 ICT" duration-ms="2" status="PASS">
          <params>
            <param index="0">
              <value>
                <![CDATA[public void com.subrutin.selenium.nostra.HomePageTest.clickTest()]]>
              </value>
            </param>
          </params>
          <reporter-output>
          </reporter-output>
        </test-method> <!-- springTestContextAfterTestMethod -->
        <test-method is-config="true" signature="springTestContextAfterTestClass()[pri:0, instance:com.subrutin.selenium.nostra.HomePageTest@5a7005d]" started-at="2021-11-05T06:56:47 ICT" name="springTestContextAfterTestClass" finished-at="2021-11-05T06:56:47 ICT" duration-ms="1" status="PASS">
          <reporter-output>
          </reporter-output>
        </test-method> <!-- springTestContextAfterTestClass -->
      </class> <!-- com.subrutin.selenium.nostra.HomePageTest -->
    </test> <!-- Default test -->
  </suite> <!-- Default suite -->
</testng-results>
